<?xml version="1.0" encoding="UTF-8"?>
<!-- Generated by org.testng.reporters.JUnitReportReporter -->
<testsuite hostname="NAG1-LHP-N76161" failures="0" tests="1" name="com.automation.Test.LoginTest" time="8.689" errors="0" timestamp="2022-08-16T17:54:25 IST" skipped="0">
  <testcase classname="com.automation.Test.LoginTest" name="VerifysuccessfulLogin" time="8.689"/>
  <system-out/>
</testsuite> <!-- com.automation.Test.LoginTest -->
