<?xml version="1.0" encoding="UTF-8"?>
<!-- Generated by org.testng.reporters.JUnitReportReporter -->
<testsuite hostname="NAG1-LHP-N76161" failures="0" tests="1" name="com.automation.Test.Add2CartTest" time="27.700" errors="0" timestamp="2022-08-17T09:47:42 IST" skipped="0">
  <testcase classname="com.automation.Test.Add2CartTest" name="VerifyUsermngt" time="27.700"/>
  <system-out/>
</testsuite> <!-- com.automation.Test.Add2CartTest -->
